running egg_info
creating ../../build/r1_camera_viewer/r1_camera_viewer.egg-info
writing ../../build/r1_camera_viewer/r1_camera_viewer.egg-info/PKG-INFO
writing dependency_links to ../../build/r1_camera_viewer/r1_camera_viewer.egg-info/dependency_links.txt
writing entry points to ../../build/r1_camera_viewer/r1_camera_viewer.egg-info/entry_points.txt
writing requirements to ../../build/r1_camera_viewer/r1_camera_viewer.egg-info/requires.txt
writing top-level names to ../../build/r1_camera_viewer/r1_camera_viewer.egg-info/top_level.txt
writing manifest file '../../build/r1_camera_viewer/r1_camera_viewer.egg-info/SOURCES.txt'
reading manifest file '../../build/r1_camera_viewer/r1_camera_viewer.egg-info/SOURCES.txt'
writing manifest file '../../build/r1_camera_viewer/r1_camera_viewer.egg-info/SOURCES.txt'
running build
running build_py
creating /home/docker/camara_r1_ws/build/r1_camera_viewer/build
creating /home/docker/camara_r1_ws/build/r1_camera_viewer/build/lib
creating /home/docker/camara_r1_ws/build/r1_camera_viewer/build/lib/r1_camera_viewer
copying r1_camera_viewer/__init__.py -> /home/docker/camara_r1_ws/build/r1_camera_viewer/build/lib/r1_camera_viewer
copying r1_camera_viewer/camera_viewer_node.py -> /home/docker/camara_r1_ws/build/r1_camera_viewer/build/lib/r1_camera_viewer
running install
running install_lib
creating /home/docker/camara_r1_ws/install/r1_camera_viewer/lib/python3.8/site-packages/r1_camera_viewer
copying /home/docker/camara_r1_ws/build/r1_camera_viewer/build/lib/r1_camera_viewer/__init__.py -> /home/docker/camara_r1_ws/install/r1_camera_viewer/lib/python3.8/site-packages/r1_camera_viewer
copying /home/docker/camara_r1_ws/build/r1_camera_viewer/build/lib/r1_camera_viewer/camera_viewer_node.py -> /home/docker/camara_r1_ws/install/r1_camera_viewer/lib/python3.8/site-packages/r1_camera_viewer
byte-compiling /home/docker/camara_r1_ws/install/r1_camera_viewer/lib/python3.8/site-packages/r1_camera_viewer/__init__.py to __init__.cpython-38.pyc
byte-compiling /home/docker/camara_r1_ws/install/r1_camera_viewer/lib/python3.8/site-packages/r1_camera_viewer/camera_viewer_node.py to camera_viewer_node.cpython-38.pyc
running install_data
creating /home/docker/camara_r1_ws/install/r1_camera_viewer/share/ament_index
creating /home/docker/camara_r1_ws/install/r1_camera_viewer/share/ament_index/resource_index
creating /home/docker/camara_r1_ws/install/r1_camera_viewer/share/ament_index/resource_index/packages
copying resource/r1_camera_viewer -> /home/docker/camara_r1_ws/install/r1_camera_viewer/share/ament_index/resource_index/packages
copying package.xml -> /home/docker/camara_r1_ws/install/r1_camera_viewer/share/r1_camera_viewer
creating /home/docker/camara_r1_ws/install/r1_camera_viewer/share/r1_camera_viewer/launch
copying launch/camera.launch.py -> /home/docker/camara_r1_ws/install/r1_camera_viewer/share/r1_camera_viewer/launch
running install_egg_info
Copying ../../build/r1_camera_viewer/r1_camera_viewer.egg-info to /home/docker/camara_r1_ws/install/r1_camera_viewer/lib/python3.8/site-packages/r1_camera_viewer-0.1.0-py3.8.egg-info
running install_scripts
Installing camera_viewer script to /home/docker/camara_r1_ws/install/r1_camera_viewer/lib/r1_camera_viewer
writing list of installed files to '/home/docker/camara_r1_ws/build/r1_camera_viewer/install.log'
