[0.491s] Invoking command in '/home/docker/camara_r1_ws/src/r1_camera_viewer': PYTHONPATH=/home/docker/camara_r1_ws/build/r1_camera_viewer/prefix_override:/usr/lib/python3/dist-packages/colcon_core/task/python/colcon_distutils_commands:/home/docker/camara_r1_ws/install/r1_camera_viewer/lib/python3.8/site-packages:${PYTHONPATH} /usr/bin/python3 -W ignore:setup.py install is deprecated -W ignore:easy_install command is deprecated setup.py egg_info --egg-base ../../build/r1_camera_viewer build --build-base /home/docker/camara_r1_ws/build/r1_camera_viewer/build install --record /home/docker/camara_r1_ws/build/r1_camera_viewer/install.log --single-version-externally-managed install_data
[0.631s] running egg_info
[0.631s] creating ../../build/r1_camera_viewer/r1_camera_viewer.egg-info
[0.631s] writing ../../build/r1_camera_viewer/r1_camera_viewer.egg-info/PKG-INFO
[0.631s] writing dependency_links to ../../build/r1_camera_viewer/r1_camera_viewer.egg-info/dependency_links.txt
[0.631s] writing entry points to ../../build/r1_camera_viewer/r1_camera_viewer.egg-info/entry_points.txt
[0.631s] writing requirements to ../../build/r1_camera_viewer/r1_camera_viewer.egg-info/requires.txt
[0.631s] writing top-level names to ../../build/r1_camera_viewer/r1_camera_viewer.egg-info/top_level.txt
[0.642s] writing manifest file '../../build/r1_camera_viewer/r1_camera_viewer.egg-info/SOURCES.txt'
[0.661s] reading manifest file '../../build/r1_camera_viewer/r1_camera_viewer.egg-info/SOURCES.txt'
[0.662s] writing manifest file '../../build/r1_camera_viewer/r1_camera_viewer.egg-info/SOURCES.txt'
[0.662s] running build
[0.662s] running build_py
[0.662s] creating /home/docker/camara_r1_ws/build/r1_camera_viewer/build
[0.662s] creating /home/docker/camara_r1_ws/build/r1_camera_viewer/build/lib
[0.662s] creating /home/docker/camara_r1_ws/build/r1_camera_viewer/build/lib/r1_camera_viewer
[0.662s] copying r1_camera_viewer/__init__.py -> /home/docker/camara_r1_ws/build/r1_camera_viewer/build/lib/r1_camera_viewer
[0.662s] copying r1_camera_viewer/camera_viewer_node.py -> /home/docker/camara_r1_ws/build/r1_camera_viewer/build/lib/r1_camera_viewer
[0.662s] running install
[0.662s] running install_lib
[0.663s] creating /home/docker/camara_r1_ws/install/r1_camera_viewer/lib/python3.8/site-packages/r1_camera_viewer
[0.663s] copying /home/docker/camara_r1_ws/build/r1_camera_viewer/build/lib/r1_camera_viewer/__init__.py -> /home/docker/camara_r1_ws/install/r1_camera_viewer/lib/python3.8/site-packages/r1_camera_viewer
[0.663s] copying /home/docker/camara_r1_ws/build/r1_camera_viewer/build/lib/r1_camera_viewer/camera_viewer_node.py -> /home/docker/camara_r1_ws/install/r1_camera_viewer/lib/python3.8/site-packages/r1_camera_viewer
[0.663s] byte-compiling /home/docker/camara_r1_ws/install/r1_camera_viewer/lib/python3.8/site-packages/r1_camera_viewer/__init__.py to __init__.cpython-38.pyc
[0.664s] byte-compiling /home/docker/camara_r1_ws/install/r1_camera_viewer/lib/python3.8/site-packages/r1_camera_viewer/camera_viewer_node.py to camera_viewer_node.cpython-38.pyc
[0.664s] running install_data
[0.664s] creating /home/docker/camara_r1_ws/install/r1_camera_viewer/share/ament_index
[0.664s] creating /home/docker/camara_r1_ws/install/r1_camera_viewer/share/ament_index/resource_index
[0.664s] creating /home/docker/camara_r1_ws/install/r1_camera_viewer/share/ament_index/resource_index/packages
[0.665s] copying resource/r1_camera_viewer -> /home/docker/camara_r1_ws/install/r1_camera_viewer/share/ament_index/resource_index/packages
[0.665s] copying package.xml -> /home/docker/camara_r1_ws/install/r1_camera_viewer/share/r1_camera_viewer
[0.665s] creating /home/docker/camara_r1_ws/install/r1_camera_viewer/share/r1_camera_viewer/launch
[0.665s] copying launch/camera.launch.py -> /home/docker/camara_r1_ws/install/r1_camera_viewer/share/r1_camera_viewer/launch
[0.665s] running install_egg_info
[0.665s] Copying ../../build/r1_camera_viewer/r1_camera_viewer.egg-info to /home/docker/camara_r1_ws/install/r1_camera_viewer/lib/python3.8/site-packages/r1_camera_viewer-0.1.0-py3.8.egg-info
[0.666s] running install_scripts
[0.676s] Installing camera_viewer script to /home/docker/camara_r1_ws/install/r1_camera_viewer/lib/r1_camera_viewer
[0.676s] writing list of installed files to '/home/docker/camara_r1_ws/build/r1_camera_viewer/install.log'
[0.687s] Invoked command in '/home/docker/camara_r1_ws/src/r1_camera_viewer' returned '0': PYTHONPATH=/home/docker/camara_r1_ws/build/r1_camera_viewer/prefix_override:/usr/lib/python3/dist-packages/colcon_core/task/python/colcon_distutils_commands:/home/docker/camara_r1_ws/install/r1_camera_viewer/lib/python3.8/site-packages:${PYTHONPATH} /usr/bin/python3 -W ignore:setup.py install is deprecated -W ignore:easy_install command is deprecated setup.py egg_info --egg-base ../../build/r1_camera_viewer build --build-base /home/docker/camara_r1_ws/build/r1_camera_viewer/build install --record /home/docker/camara_r1_ws/build/r1_camera_viewer/install.log --single-version-externally-managed install_data
